<?xml version="1.0" encoding="UTF-8"?>
<!-- Generated by org.testng.reporters.JUnitXMLReporter -->
<testsuite hostname="DESKTOP-V4DK160" ignored="0" name="Default test" tests="3" failures="0" timestamp="2022-03-28T18:03:29 IST" time="150.618" errors="0">
  <testcase name="verifyNewStudentsInfoCanBeAddedOnFormPage" time="0.117" classname="KTCTC.regression.StudentRegistrationFormTest"/>
  <testcase name="verifyNewStudentsInfoCanBeAddedOnFormPage" time="0.045" classname="KTCTC.regression.StudentRegistrationFormTest"/>
  <testcase name="verifyUserCanNavigateToStudentsRegFormPage" time="1.273" classname="KTCTC.regression.StudentRegistrationFormTest"/>
</testsuite> <!-- Default test -->
