<?xml version="1.0" encoding="UTF-8"?>
<!-- Generated by org.testng.reporters.JUnitXMLReporter -->
<testsuite hostname="DESKTOP-V4DK160" ignored="0" name="Default test" tests="2" failures="0" timestamp="2022-03-23T15:56:13 IST" time="60.864" errors="0">
  <testcase name="verifyUserCanNavigateToAlertsPage" time="1.937" classname="KTCTC.regression.AlertsTest"/>
  <testcase name="verifyUserCanClickOnAlertButton" time="6.435" classname="KTCTC.regression.AlertsTest"/>
</testsuite> <!-- Default test -->
