<?xml version="1.0" encoding="UTF-8"?>
<testng-results skipped="0" failed="0" ignored="0" total="2" passed="2">
  <reporter-output>
  </reporter-output>
  <suite name="Default suite" duration-ms="60864" started-at="2022-03-23T15:55:10 IST" finished-at="2022-03-23T15:56:11 IST">
    <groups>
    </groups>
    <test name="Default test" duration-ms="60864" started-at="2022-03-23T15:55:10 IST" finished-at="2022-03-23T15:56:11 IST">
      <class name="KTCTC.regression.AlertsTest">
        <test-method status="PASS" signature="beforeSuite()[pri:0, instance:KTCTC.regression.AlertsTest@17211155]" name="beforeSuite" is-config="true" duration-ms="153" started-at="2022-03-23T15:55:10 IST" finished-at="2022-03-23T15:55:10 IST">
          <reporter-output>
          </reporter-output>
        </test-method> <!-- beforeSuite -->
        <test-method status="PASS" signature="beforeClassOfA()[pri:0, instance:KTCTC.regression.AlertsTest@17211155]" name="beforeClassOfA" is-config="true" duration-ms="50286" started-at="2022-03-23T15:55:11 IST" finished-at="2022-03-23T15:56:01 IST">
          <reporter-output>
          </reporter-output>
        </test-method> <!-- beforeClassOfA -->
        <test-method status="PASS" signature="beforeMethod(java.lang.reflect.Method)[pri:0, instance:KTCTC.regression.AlertsTest@17211155]" name="beforeMethod" is-config="true" duration-ms="75" started-at="2022-03-23T15:56:01 IST" finished-at="2022-03-23T15:56:01 IST">
          <params>
            <param index="0">
              <value>
                <![CDATA[public void KTCTC.regression.AlertsTest.verifyUserCanNavigateToAlertsPage()]]>
              </value>
            </param>
          </params>
          <reporter-output>
          </reporter-output>
        </test-method> <!-- beforeMethod -->
        <test-method status="PASS" signature="verifyUserCanNavigateToAlertsPage()[pri:1, instance:KTCTC.regression.AlertsTest@17211155]" name="verifyUserCanNavigateToAlertsPage" duration-ms="1937" started-at="2022-03-23T15:56:01 IST" finished-at="2022-03-23T15:56:03 IST">
          <reporter-output>
          </reporter-output>
        </test-method> <!-- verifyUserCanNavigateToAlertsPage -->
        <test-method status="PASS" signature="afterMethod(org.testng.ITestResult)[pri:0, instance:KTCTC.regression.AlertsTest@17211155]" name="afterMethod" is-config="true" duration-ms="7" started-at="2022-03-23T15:56:03 IST" finished-at="2022-03-23T15:56:03 IST">
          <params>
            <param index="0">
              <value>
                <![CDATA[[TestResult name=verifyUserCanNavigateToAlertsPage status=SUCCESS method=AlertsTest.verifyUserCanNavigateToAlertsPage()[pri:1, instance:KTCTC.regression.AlertsTest@17211155] output={null}]]]>
              </value>
            </param>
          </params>
          <reporter-output>
          </reporter-output>
        </test-method> <!-- afterMethod -->
        <test-method status="PASS" signature="beforeMethod(java.lang.reflect.Method)[pri:0, instance:KTCTC.regression.AlertsTest@17211155]" name="beforeMethod" is-config="true" duration-ms="10" started-at="2022-03-23T15:56:03 IST" finished-at="2022-03-23T15:56:03 IST">
          <params>
            <param index="0">
              <value>
                <![CDATA[public void KTCTC.regression.AlertsTest.verifyUserCanClickOnAlertButton()]]>
              </value>
            </param>
          </params>
          <reporter-output>
          </reporter-output>
        </test-method> <!-- beforeMethod -->
        <test-method status="PASS" signature="verifyUserCanClickOnAlertButton()[pri:2, instance:KTCTC.regression.AlertsTest@17211155]" name="verifyUserCanClickOnAlertButton" duration-ms="6435" started-at="2022-03-23T15:56:03 IST" finished-at="2022-03-23T15:56:09 IST">
          <reporter-output>
          </reporter-output>
        </test-method> <!-- verifyUserCanClickOnAlertButton -->
        <test-method status="PASS" signature="afterMethod(org.testng.ITestResult)[pri:0, instance:KTCTC.regression.AlertsTest@17211155]" name="afterMethod" is-config="true" duration-ms="3" started-at="2022-03-23T15:56:09 IST" finished-at="2022-03-23T15:56:09 IST">
          <params>
            <param index="0">
              <value>
                <![CDATA[[TestResult name=verifyUserCanClickOnAlertButton status=SUCCESS method=AlertsTest.verifyUserCanClickOnAlertButton()[pri:2, instance:KTCTC.regression.AlertsTest@17211155] output={null}]]]>
              </value>
            </param>
          </params>
          <reporter-output>
          </reporter-output>
        </test-method> <!-- afterMethod -->
        <test-method status="PASS" signature="afterClass()[pri:0, instance:KTCTC.regression.AlertsTest@17211155]" name="afterClass" is-config="true" duration-ms="1981" started-at="2022-03-23T15:56:09 IST" finished-at="2022-03-23T15:56:11 IST">
          <reporter-output>
          </reporter-output>
        </test-method> <!-- afterClass -->
        <test-method status="PASS" signature="afterSuiteMethod()[pri:0, instance:KTCTC.regression.AlertsTest@17211155]" name="afterSuiteMethod" is-config="true" duration-ms="3125" started-at="2022-03-23T15:56:13 IST" finished-at="2022-03-23T15:56:17 IST">
          <reporter-output>
          </reporter-output>
        </test-method> <!-- afterSuiteMethod -->
      </class> <!-- KTCTC.regression.AlertsTest -->
    </test> <!-- Default test -->
  </suite> <!-- Default suite -->
</testng-results>
